19:56:02: Creating resource group General
19:56:02: Creating resource group Internal
19:56:02: Creating resource group Autodetect
19:56:02: SceneManagerFactory for type 'DefaultSceneManager' registered.
19:56:02: Registering ResourceManager for type Material
19:56:02: Registering ResourceManager for type Mesh
19:56:02: Registering ResourceManager for type Skeleton
19:56:02: MovableObjectFactory for type 'ParticleSystem' registered.
19:56:02: ArchiveFactory for archive type FileSystem registered.
19:56:02: ArchiveFactory for archive type Zip registered.
19:56:02: ArchiveFactory for archive type EmbeddedZip registered.
19:56:02: DDS codec registering
19:56:02: FreeImage version: 3.18.0
19:56:02: This program uses FreeImage, a free, open source image library supporting all common bitmap formats. See http://freeimage.sourceforge.net for details
19:56:02: Supported formats: bmp,ico,jpg,jif,jpeg,jpe,jng,koa,iff,lbm,mng,pbm,pbm,pcd,pcx,pgm,pgm,png,ppm,ppm,ras,tga,targa,tif,tiff,wap,wbmp,wbm,psd,psb,cut,xbm,xpm,gif,hdr,g3,sgi,rgb,rgba,bw,exr,j2k,j2c,jp2,pfm,pct,pict,pic,3fr,arw,bay,bmq,cap,cine,cr2,crw,cs1,dc2,dcr,drf,dsc,dng,erf,fff,ia,iiq,k25,kc2,kdc,mdc,mef,mos,mrw,nef,nrw,orf,pef,ptx,pxn,qtk,raf,raw,rdc,rw2,rwl,rwz,sr2,srf,srw,sti,x3f,webp,jxr,wdp,hdp
19:56:02: PVRTC codec registering
19:56:02: ETC codec registering
19:56:02: Registering ResourceManager for type HighLevelGpuProgram
19:56:02: Registering ResourceManager for type Compositor
19:56:02: MovableObjectFactory for type 'Entity' registered.
19:56:02: MovableObjectFactory for type 'Light' registered.
19:56:02: MovableObjectFactory for type 'BillboardSet' registered.
19:56:02: MovableObjectFactory for type 'ManualObject' registered.
19:56:02: MovableObjectFactory for type 'BillboardChain' registered.
19:56:02: MovableObjectFactory for type 'RibbonTrail' registered.
19:56:02: *-*-* OGRE Initialising
19:56:02: *-*-* Version 1.9.0 (Ghadamon)
19:56:02: OverlayElementFactory for type Panel registered.
19:56:02: OverlayElementFactory for type BorderPanel registered.
19:56:02: OverlayElementFactory for type TextArea registered.
19:56:02: Registering ResourceManager for type Font
19:56:02: Loading library /usr/lib/x86_64-linux-gnu/OGRE-1.9.0/RenderSystem_GL.so
19:56:02: Installing plugin: GL RenderSystem
19:56:02: OpenGL Rendering Subsystem created.
19:56:03: Plugin successfully installed
19:56:03: Loading library /usr/lib/x86_64-linux-gnu/OGRE-1.9.0/Plugin_ParticleFX.so
19:56:03: Installing plugin: ParticleFX
19:56:03: Particle Emitter Type 'Point' registered
19:56:03: Particle Emitter Type 'Box' registered
19:56:03: Particle Emitter Type 'Ellipsoid' registered
19:56:03: Particle Emitter Type 'Cylinder' registered
19:56:03: Particle Emitter Type 'Ring' registered
19:56:03: Particle Emitter Type 'HollowEllipsoid' registered
19:56:03: Particle Affector Type 'LinearForce' registered
19:56:03: Particle Affector Type 'ColourFader' registered
19:56:03: Particle Affector Type 'ColourFader2' registered
19:56:03: Particle Affector Type 'ColourImage' registered
19:56:03: Particle Affector Type 'ColourInterpolator' registered
19:56:03: Particle Affector Type 'Scaler' registered
19:56:03: Particle Affector Type 'Rotator' registered
19:56:03: Particle Affector Type 'DirectionRandomiser' registered
19:56:03: Particle Affector Type 'DeflectorPlane' registered
19:56:03: Plugin successfully installed
19:56:03: Loading library /usr/lib/x86_64-linux-gnu/OGRE-1.9.0/Plugin_BSPSceneManager.so
19:56:03: Installing plugin: BSP Scene Manager
19:56:03: Plugin successfully installed
19:56:03: Loading library /usr/lib/x86_64-linux-gnu/OGRE-1.9.0/Plugin_OctreeSceneManager.so
19:56:03: Installing plugin: Octree Scene Manager
19:56:03: Plugin successfully installed
19:56:03: CPU Identifier & Features
19:56:03: -------------------------
19:56:03:  *   CPU ID: AuthenticAMD: AMD A10-7300 Radeon R6, 10 Compute Cores 4C+6G
19:56:03:  *      SSE: yes
19:56:03:  *     SSE2: yes
19:56:03:  *     SSE3: yes
19:56:03:  *      MMX: yes
19:56:03:  *   MMXEXT: yes
19:56:03:  *    3DNOW: no
19:56:03:  * 3DNOWEXT: no
19:56:03:  *     CMOV: yes
19:56:03:  *      TSC: yes
19:56:03:  *      FPU: yes
19:56:03:  *      PRO: yes
19:56:03:  *       HT: no
19:56:03: -------------------------
19:56:03: ******************************
*** Starting GLX Subsystem ***
******************************
19:56:03: Registering ResourceManager for type Texture
19:56:03: Added resource location '/usr/share/gazebo-11/' of type 'FileSystem' to resource group 'General'
19:56:03: Added resource location '/usr/share/gazebo-11/media' of type 'FileSystem' to resource group 'General'
19:56:03: Creating resource group SkyX
19:56:03: Added resource location '/usr/share/gazebo-11/media/skyx' of type 'FileSystem' to resource group 'SkyX'
19:56:03: Added resource location '/usr/share/gazebo-11/media/rtshaderlib150' of type 'FileSystem' to resource group 'General'
19:56:03: Added resource location '/usr/share/gazebo-11/media/rtshaderlib' of type 'FileSystem' to resource group 'General'
19:56:03: Added resource location '/usr/share/gazebo-11/media/materials/programs' of type 'FileSystem' to resource group 'General'
19:56:03: Added resource location '/usr/share/gazebo-11/media/materials/scripts' of type 'FileSystem' to resource group 'General'
19:56:03: Added resource location '/usr/share/gazebo-11/media/materials/textures' of type 'FileSystem' to resource group 'General'
19:56:03: Added resource location '/usr/share/gazebo-11/media/media/models' of type 'FileSystem' to resource group 'General'
19:56:03: Creating resource group Fonts
19:56:03: Added resource location '/usr/share/gazebo-11/media/fonts' of type 'FileSystem' to resource group 'Fonts'
19:56:03: Creating resource group LookNFeel
19:56:03: Added resource location '/usr/share/gazebo-11/media/gui/looknfeel' of type 'FileSystem' to resource group 'LookNFeel'
19:56:03: Creating resource group Schemes
19:56:03: Added resource location '/usr/share/gazebo-11/media/gui/schemes' of type 'FileSystem' to resource group 'Schemes'
19:56:03: Creating resource group Imagesets
19:56:03: Added resource location '/usr/share/gazebo-11/media/gui/imagesets' of type 'FileSystem' to resource group 'Imagesets'
19:56:03: Added resource location '/usr/share/gazebo-11/media/gui/fonts' of type 'FileSystem' to resource group 'Fonts'
19:56:03: Creating resource group Layouts
19:56:03: Added resource location '/usr/share/gazebo-11/media/gui/layouts' of type 'FileSystem' to resource group 'Layouts'
19:56:03: Creating resource group Animations
19:56:03: Added resource location '/usr/share/gazebo-11/media/gui/animations' of type 'FileSystem' to resource group 'Animations'
19:56:03: Added resource location '/opt/ros/noetic/share/gazebo_plugins/' of type 'FileSystem' to resource group 'General'
19:56:03: Added resource location '/opt/ros/noetic/share/gazebo_plugins/media' of type 'FileSystem' to resource group 'General'
19:56:03: Added resource location '/opt/ros/noetic/share/gazebo_plugins/media/skyx' of type 'FileSystem' to resource group 'SkyX'
19:56:03: Added resource location '/opt/ros/noetic/share/gazebo_plugins/media/rtshaderlib150' of type 'FileSystem' to resource group 'General'
19:56:03: Added resource location '/opt/ros/noetic/share/gazebo_plugins/media/rtshaderlib' of type 'FileSystem' to resource group 'General'
19:56:03: Added resource location '/opt/ros/noetic/share/gazebo_plugins/media/materials/programs' of type 'FileSystem' to resource group 'General'
19:56:03: Added resource location '/opt/ros/noetic/share/gazebo_plugins/media/materials/scripts' of type 'FileSystem' to resource group 'General'
19:56:03: Added resource location '/opt/ros/noetic/share/gazebo_plugins/media/materials/textures' of type 'FileSystem' to resource group 'General'
19:56:03: Added resource location '/opt/ros/noetic/share/gazebo_plugins/media/media/models' of type 'FileSystem' to resource group 'General'
19:56:03: Added resource location '/opt/ros/noetic/share/gazebo_plugins/media/fonts' of type 'FileSystem' to resource group 'Fonts'
19:56:03: Added resource location '/opt/ros/noetic/share/gazebo_plugins/media/gui/looknfeel' of type 'FileSystem' to resource group 'LookNFeel'
19:56:03: Added resource location '/opt/ros/noetic/share/gazebo_plugins/media/gui/schemes' of type 'FileSystem' to resource group 'Schemes'
19:56:03: Added resource location '/opt/ros/noetic/share/gazebo_plugins/media/gui/imagesets' of type 'FileSystem' to resource group 'Imagesets'
19:56:03: Added resource location '/opt/ros/noetic/share/gazebo_plugins/media/gui/fonts' of type 'FileSystem' to resource group 'Fonts'
19:56:03: Added resource location '/opt/ros/noetic/share/gazebo_plugins/media/gui/layouts' of type 'FileSystem' to resource group 'Layouts'
19:56:03: Added resource location '/opt/ros/noetic/share/gazebo_plugins/media/gui/animations' of type 'FileSystem' to resource group 'Animations'
19:56:03: GLRenderSystem::_createRenderWindow "OgreWindow(0)", 1x1 windowed  miscParams: FSAA=4 border=none contentScalingFactor=1.000000 macAPI=cocoa macAPICocoaUseNSView=true parentWindowHandle=85983233 stereoMode=Frame Sequential 
19:56:03: GLXWindow::create used FBConfigID = 581
19:56:03: GL_VERSION = 4.5 (Compatibility Profile) Mesa 20.2.6
19:56:03: GL_VENDOR = X.Org
19:56:03: GL_RENDERER = AMD KAVERI (DRM 2.50.0, 5.8.0-40-generic, LLVM 11.0.0)
19:56:03: GL_EXTENSIONS = GL_ARB_multisample GL_EXT_abgr GL_EXT_bgra GL_EXT_blend_color GL_EXT_blend_minmax GL_EXT_blend_subtract GL_EXT_copy_texture GL_EXT_subtexture GL_EXT_texture_object GL_EXT_vertex_array GL_EXT_compiled_vertex_array GL_EXT_texture GL_EXT_texture3D GL_IBM_rasterpos_clip GL_ARB_point_parameters GL_EXT_draw_range_elements GL_EXT_packed_pixels GL_EXT_point_parameters GL_EXT_rescale_normal GL_EXT_separate_specular_color GL_EXT_texture_edge_clamp GL_SGIS_generate_mipmap GL_SGIS_texture_border_clamp GL_SGIS_texture_edge_clamp GL_SGIS_texture_lod GL_ARB_framebuffer_sRGB GL_ARB_multitexture GL_EXT_framebuffer_sRGB GL_IBM_multimode_draw_arrays GL_IBM_texture_mirrored_repeat GL_ARB_texture_cube_map GL_ARB_texture_env_add GL_ARB_transpose_matrix GL_EXT_blend_func_separate GL_EXT_fog_coord GL_EXT_multi_draw_arrays GL_EXT_secondary_color GL_EXT_texture_env_add GL_EXT_texture_filter_anisotropic GL_EXT_texture_lod_bias GL_INGR_blend_func_separate GL_NV_blend_square GL_NV_light_max_exponent GL_NV_texgen_reflection GL_NV_texture_env_combine4 GL_S3_s3tc GL_SUN_multi_draw_arrays GL_ARB_texture_border_clamp GL_ARB_texture_compression GL_EXT_framebuffer_object GL_EXT_texture_compression_s3tc GL_EXT_texture_env_combine GL_EXT_texture_env_dot3 GL_MESA_window_pos GL_NV_packed_depth_stencil GL_NV_texture_rectangle GL_ARB_depth_texture GL_ARB_occlusion_query GL_ARB_shadow GL_ARB_texture_env_combine GL_ARB_texture_env_crossbar GL_ARB_texture_env_dot3 GL_ARB_texture_mirrored_repeat GL_ARB_window_pos GL_ATI_fragment_shader GL_EXT_stencil_two_side GL_EXT_texture_cube_map GL_NV_depth_clamp GL_NV_fog_distance GL_APPLE_packed_pixels GL_ARB_draw_buffers GL_ARB_fragment_program GL_ARB_fragment_shader GL_ARB_shader_objects GL_ARB_vertex_program GL_ARB_vertex_shader GL_ATI_draw_buffers GL_ATI_texture_env_combine3 GL_ATI_texture_float GL_EXT_depth_bounds_test GL_EXT_shadow_funcs GL_EXT_stencil_wrap GL_MESA_pack_invert GL_NV_primitive_restart GL_ARB_depth_clamp GL_ARB_fragment_program_shadow GL_ARB_half_float_pixel GL_ARB_occlusion_query2 GL_ARB_point_sprite GL_ARB_shading_language_100 GL_ARB_sync GL_ARB_texture_non_power_of_two GL_ARB_vertex_buffer_object GL_ATI_blend_equation_separate GL_EXT_blend_equation_separate GL_OES_read_format GL_ARB_color_buffer_float GL_ARB_pixel_buffer_object GL_ARB_texture_compression_rgtc GL_ARB_texture_float GL_ARB_texture_rectangle GL_ATI_texture_compression_3dc GL_EXT_packed_float GL_EXT_pixel_buffer_object GL_EXT_texture_compression_dxt1 GL_EXT_texture_compression_rgtc GL_EXT_texture_mirror_clamp GL_EXT_texture_rectangle GL_EXT_texture_sRGB GL_EXT_texture_shared_exponent GL_ARB_framebuffer_object GL_EXT_framebuffer_blit GL_EXT_framebuffer_multisample GL_EXT_packed_depth_stencil GL_ARB_vertex_array_object GL_ATI_separate_stencil GL_ATI_texture_mirror_once GL_EXT_draw_buffers2 GL_EXT_draw_instanced GL_EXT_gpu_program_parameters GL_EXT_gpu_shader4 GL_EXT_texture_array GL_EXT_texture_compression_latc GL_EXT_texture_integer GL_EXT_texture_sRGB_decode GL_EXT_timer_query GL_OES_EGL_image GL_AMD_performance_monitor GL_EXT_texture_buffer_object GL_AMD_texture_texture4 GL_ARB_copy_buffer GL_ARB_depth_buffer_float GL_ARB_draw_instanced GL_ARB_half_float_vertex GL_ARB_instanced_arrays GL_ARB_map_buffer_range GL_ARB_texture_buffer_object GL_ARB_texture_rg GL_ARB_texture_swizzle GL_ARB_vertex_array_bgra GL_EXT_texture_swizzle GL_EXT_vertex_array_bgra GL_NV_conditional_render GL_AMD_conservative_depth GL_AMD_depth_clamp_separate GL_AMD_draw_buffers_blend GL_AMD_seamless_cubemap_per_texture GL_AMD_shader_stencil_export GL_ARB_ES2_compatibility GL_ARB_blend_func_extended GL_ARB_compatibility GL_ARB_debug_output GL_ARB_draw_buffers_blend GL_ARB_draw_elements_base_vertex GL_ARB_explicit_attrib_location GL_ARB_fragment_coord_conventions GL_ARB_provoking_vertex GL_ARB_sample_shading GL_ARB_sampler_objects GL_ARB_seamless_cube_map GL_ARB_shader_stencil_export GL_ARB_shader_texture_lod GL_ARB_tessellation_shader GL_ARB_texture_buffer_object_rgb32 GL_ARB_texture_cube_map_array GL_ARB_texture_gather GL_ARB_texture_multisample GL_ARB_texture_query_lod GL_ARB_texture_rgb10_a2ui GL_ARB_uniform_buffer_object GL_ARB_vertex_type_2_10_10_10_rev GL_ATI_meminfo GL_EXT_provoking_vertex GL_EXT_texture_snorm GL_MESA_texture_signed_rgba GL_NV_copy_image GL_NV_texture_barrier GL_ARB_draw_indirect GL_ARB_get_program_binary GL_ARB_gpu_shader5 GL_ARB_gpu_shader_fp64 GL_ARB_robustness GL_ARB_separate_shader_objects GL_ARB_shader_bit_encoding GL_ARB_shader_precision GL_ARB_shader_subroutine GL_ARB_texture_compression_bptc GL_ARB_timer_query GL_ARB_transform_feedback2 GL_ARB_transform_feedback3 GL_ARB_vertex_attrib_64bit GL_ARB_viewport_array GL_EXT_direct_state_access GL_EXT_shader_image_load_store GL_EXT_vertex_attrib_64bit GL_NV_vdpau_interop GL_AMD_multi_draw_indirect GL_ANGLE_texture_compression_dxt3 GL_ANGLE_texture_compression_dxt5 GL_ARB_base_instance GL_ARB_compressed_texture_pixel_storage GL_ARB_conservative_depth GL_ARB_internalformat_query GL_ARB_map_buffer_alignment GL_ARB_shader_atomic_counters GL_ARB_shader_image_load_store GL_ARB_shading_language_420pack GL_ARB_shading_language_packing GL_ARB_texture_storage GL_ARB_transform_feedback_instanced GL_EXT_framebuffer_multisample_blit_scaled GL_EXT_transform_feedback GL_AMD_query_buffer_object GL_AMD_shader_trinary_minmax GL_AMD_vertex_shader_layer GL_AMD_vertex_shader_viewport_index GL_ARB_ES3_compatibility GL_ARB_arrays_of_arrays GL_ARB_clear_buffer_object GL_ARB_compute_shader GL_ARB_copy_image GL_ARB_explicit_uniform_location GL_ARB_fragment_layer_viewport GL_ARB_framebuffer_no_attachments GL_ARB_invalidate_subdata GL_ARB_multi_draw_indirect GL_ARB_program_interface_query GL_ARB_robust_buffer_access_behavior GL_ARB_shader_image_size GL_ARB_shader_storage_buffer_object GL_ARB_stencil_texturing GL_ARB_texture_buffer_range GL_ARB_texture_query_levels GL_ARB_texture_storage_multisample GL_ARB_texture_view GL_ARB_vertex_attrib_binding GL_KHR_debug GL_KHR_robustness GL_KHR_texture_compression_astc_ldr GL_AMD_pinned_memory GL_ARB_bindless_texture GL_ARB_buffer_storage GL_ARB_clear_texture GL_ARB_compute_variable_group_size GL_ARB_enhanced_layouts GL_ARB_internalformat_query2 GL_ARB_multi_bind GL_ARB_query_buffer_object GL_ARB_seamless_cubemap_per_texture GL_ARB_shader_group_vote GL_ARB_shading_language_include GL_ARB_texture_mirror_clamp_to_edge GL_ARB_texture_stencil8 GL_ARB_vertex_type_10f_11f_11f_rev GL_EXT_shader_integer_mix GL_NVX_gpu_memory_info GL_ARB_ES3_1_compatibility GL_ARB_clip_control GL_ARB_conditional_render_inverted GL_ARB_cull_distance GL_ARB_derivative_control GL_ARB_direct_state_access GL_ARB_get_texture_sub_image GL_ARB_pipeline_statistics_query GL_ARB_shader_texture_image_samples GL_ARB_texture_barrier GL_ARB_transform_feedback_overflow_query GL_EXT_polygon_offset_clamp GL_EXT_shader_image_load_formatted GL_KHR_blend_equation_advanced GL_KHR_context_flush_control GL_KHR_robust_buffer_access_behavior GL_ARB_gpu_shader_int64 GL_ARB_parallel_shader_compile GL_ARB_shader_atomic_counter_ops GL_ARB_shader_ballot GL_ARB_shader_clock GL_ARB_shader_viewport_layer_array GL_EXT_shader_samples_identical GL_KHR_no_error GL_KHR_texture_compression_astc_sliced_3d GL_ARB_gl_spirv GL_ARB_spirv_extensions GL_EXT_window_rectangles GL_MESA_shader_integer_functions GL_ARB_polygon_offset_clamp GL_ARB_texture_filter_anisotropic GL_EXT_memory_object GL_EXT_memory_object_fd GL_KHR_parallel_shader_compile GL_NV_alpha_to_coverage_dither_control GL_EXT_EGL_image_storage GL_EXT_texture_sRGB_R8 GL_EXT_texture_shadow_lod GL_MESA_framebuffer_flip_y GL_EXT_EGL_sync 
19:56:03: Supported GLX extensions: GLX_ARB_create_context GLX_ARB_create_context_no_error GLX_ARB_create_context_profile GLX_ARB_create_context_robustness GLX_ARB_fbconfig_float GLX_ARB_framebuffer_sRGB GLX_ARB_get_proc_address GLX_ARB_multisample GLX_EXT_buffer_age GLX_EXT_create_context_es2_profile GLX_EXT_create_context_es_profile GLX_EXT_fbconfig_packed_float GLX_EXT_framebuffer_sRGB GLX_EXT_import_context GLX_EXT_texture_from_pixmap GLX_EXT_visual_info GLX_EXT_visual_rating GLX_INTEL_swap_event GLX_MESA_copy_sub_buffer GLX_MESA_query_renderer GLX_MESA_swap_control GLX_OML_swap_method GLX_OML_sync_control GLX_SGIS_multisample GLX_SGIX_fbconfig GLX_SGIX_pbuffer GLX_SGIX_visual_select_group GLX_SGI_make_current_read GLX_SGI_swap_control GLX_SGI_video_sync 
19:56:03: ***************************
19:56:03: *** GL Renderer Started ***
19:56:03: ***************************
19:56:03: Registering ResourceManager for type GpuProgram
19:56:03: GLSL support detected
19:56:03: GL: Using GL_EXT_framebuffer_object for rendering to textures (best)
19:56:03: FBO PF_UNKNOWN depth/stencil support: D0S1 D0S4 D0S8 D0S16 D16S0 D24S0 D32S0 Packed-D24S8 
19:56:03: FBO PF_L8 depth/stencil support: D0S0 D0S1 D0S4 D0S8 D0S16 D16S0 D24S0 D32S0 Packed-D24S8 
19:56:03: FBO PF_L16 depth/stencil support: D0S0 D0S1 D0S4 D0S8 D0S16 D16S0 D24S0 D32S0 Packed-D24S8 
19:56:03: FBO PF_A8 depth/stencil support: D0S0 D0S1 D0S4 D0S8 D0S16 D16S0 D24S0 D32S0 Packed-D24S8 
19:56:03: FBO PF_A4L4 depth/stencil support: D0S0 D0S1 D0S4 D0S8 D0S16 D16S0 D24S0 D32S0 Packed-D24S8 
19:56:03: FBO PF_BYTE_LA depth/stencil support: D0S0 D0S1 D0S4 D0S8 D0S16 D16S0 D24S0 D32S0 Packed-D24S8 
19:56:03: FBO PF_R5G6B5 depth/stencil support: D0S0 D0S1 D0S4 D0S8 D0S16 D16S0 D24S0 D32S0 Packed-D24S8 
19:56:03: FBO PF_B5G6R5 depth/stencil support: D0S0 D0S1 D0S4 D0S8 D0S16 D16S0 D24S0 D32S0 Packed-D24S8 
19:56:03: FBO PF_A4R4G4B4 depth/stencil support: D0S0 D0S1 D0S4 D0S8 D0S16 D16S0 D24S0 D32S0 Packed-D24S8 
19:56:03: FBO PF_A1R5G5B5 depth/stencil support: D0S0 D0S1 D0S4 D0S8 D0S16 D16S0 D24S0 D32S0 Packed-D24S8 
19:56:03: FBO PF_R8G8B8 depth/stencil support: D0S0 D0S1 D0S4 D0S8 D0S16 D16S0 D24S0 D32S0 Packed-D24S8 
19:56:03: FBO PF_B8G8R8 depth/stencil support: D0S0 D0S1 D0S4 D0S8 D0S16 D16S0 D24S0 D32S0 Packed-D24S8 
19:56:03: FBO PF_A8R8G8B8 depth/stencil support: D0S0 D0S1 D0S4 D0S8 D0S16 D16S0 D24S0 D32S0 Packed-D24S8 
19:56:03: FBO PF_B8G8R8A8 depth/stencil support: D0S0 D0S1 D0S4 D0S8 D0S16 D16S0 D24S0 D32S0 Packed-D24S8 
19:56:03: FBO PF_A2R10G10B10 depth/stencil support: D0S0 D0S1 D0S4 D0S8 D0S16 D16S0 D24S0 D32S0 Packed-D24S8 
19:56:03: FBO PF_A2B10G10R10 depth/stencil support: D0S0 D0S1 D0S4 D0S8 D0S16 D16S0 D24S0 D32S0 Packed-D24S8 
19:56:03: FBO PF_FLOAT16_RGB depth/stencil support: D0S0 D0S1 D0S4 D0S8 D0S16 D16S0 D24S0 D32S0 Packed-D24S8 
19:56:03: FBO PF_FLOAT16_RGBA depth/stencil support: D0S0 D0S1 D0S4 D0S8 D0S16 D16S0 D24S0 D32S0 Packed-D24S8 
19:56:03: FBO PF_FLOAT32_RGB depth/stencil support: D0S0 D0S1 D0S4 D0S8 D0S16 D16S0 D24S0 D32S0 Packed-D24S8 
19:56:03: FBO PF_FLOAT32_RGBA depth/stencil support: D0S0 D0S1 D0S4 D0S8 D0S16 D16S0 D24S0 D32S0 Packed-D24S8 
19:56:03: FBO PF_X8R8G8B8 depth/stencil support: D0S0 D0S1 D0S4 D0S8 D0S16 D16S0 D24S0 D32S0 Packed-D24S8 
19:56:03: FBO PF_X8B8G8R8 depth/stencil support: D0S0 D0S1 D0S4 D0S8 D0S16 D16S0 D24S0 D32S0 Packed-D24S8 
19:56:03: FBO PF_SHORT_RGBA depth/stencil support: D0S0 D0S1 D0S4 D0S8 D0S16 D16S0 D24S0 D32S0 Packed-D24S8 
19:56:03: FBO PF_R3G3B2 depth/stencil support: D0S0 D0S1 D0S4 D0S8 D0S16 D16S0 D24S0 D32S0 Packed-D24S8 
19:56:03: FBO PF_FLOAT16_R depth/stencil support: D0S0 D0S1 D0S4 D0S8 D0S16 D16S0 D24S0 D32S0 Packed-D24S8 
19:56:03: FBO PF_FLOAT32_R depth/stencil support: D0S0 D0S1 D0S4 D0S8 D0S16 D16S0 D24S0 D32S0 Packed-D24S8 
19:56:03: FBO PF_SHORT_GR depth/stencil support: D0S0 D0S1 D0S4 D0S8 D0S16 D16S0 D24S0 D32S0 Packed-D24S8 
19:56:03: FBO PF_FLOAT16_GR depth/stencil support: D0S0 D0S1 D0S4 D0S8 D0S16 D16S0 D24S0 D32S0 Packed-D24S8 
19:56:03: FBO PF_FLOAT32_GR depth/stencil support: D0S0 D0S1 D0S4 D0S8 D0S16 D16S0 D24S0 D32S0 Packed-D24S8 
19:56:03: FBO PF_SHORT_RGB depth/stencil support: D0S0 D0S1 D0S4 D0S8 D0S16 D16S0 D24S0 D32S0 Packed-D24S8 
19:56:03: [GL] : Valid FBO targets PF_UNKNOWN PF_L8 PF_L16 PF_A8 PF_A4L4 PF_BYTE_LA PF_R5G6B5 PF_B5G6R5 PF_A4R4G4B4 PF_A1R5G5B5 PF_R8G8B8 PF_B8G8R8 PF_A8R8G8B8 PF_B8G8R8A8 PF_A2R10G10B10 PF_A2B10G10R10 PF_FLOAT16_RGB PF_FLOAT16_RGBA PF_FLOAT32_RGB PF_FLOAT32_RGBA PF_X8R8G8B8 PF_X8B8G8R8 PF_SHORT_RGBA PF_R3G3B2 PF_FLOAT16_R PF_FLOAT32_R PF_SHORT_GR PF_FLOAT16_GR PF_FLOAT32_GR PF_SHORT_RGB 
19:56:03: RenderSystem capabilities
19:56:03: -------------------------
19:56:03: RenderSystem Name: OpenGL Rendering Subsystem
19:56:03: GPU Vendor: unknown
19:56:03: Device Name: AMD KAVERI (DRM 2.50.0, 5.8.0-40-generic, LLVM 11.0.0)
19:56:03: Driver Version: 4.5.0.0
19:56:03:  * Fixed function pipeline: yes
19:56:03:  * Hardware generation of mipmaps: yes
19:56:03:  * Texture blending: yes
19:56:03:  * Anisotropic texture filtering: yes
19:56:03:  * Dot product texture operation: yes
19:56:03:  * Cube mapping: yes
19:56:03:  * Hardware stencil buffer: yes
19:56:03:    - Stencil depth: 8
19:56:03:    - Two sided stencil support: yes
19:56:03:    - Wrap stencil values: yes
19:56:03:  * Hardware vertex / index buffers: yes
19:56:03:  * Vertex programs: yes
19:56:03:  * Number of floating-point constants for vertex programs: 2048
19:56:03:  * Number of integer constants for vertex programs: 0
19:56:03:  * Number of boolean constants for vertex programs: 0
19:56:03:  * Fragment programs: yes
19:56:03:  * Number of floating-point constants for fragment programs: 2048
19:56:03:  * Number of integer constants for fragment programs: 0
19:56:03:  * Number of boolean constants for fragment programs: 0
19:56:03:  * Geometry programs: no
19:56:03:  * Number of floating-point constants for geometry programs: 0
19:56:03:  * Number of integer constants for geometry programs: 24312
19:56:03:  * Number of boolean constants for geometry programs: 5157
19:56:03:  * Tesselation Hull programs: no
19:56:03:  * Number of floating-point constants for tesselation hull programs: 0
19:56:03:  * Number of integer constants for tesselation hull programs: 0
19:56:03:  * Number of boolean constants for tesselation hull programs: 0
19:56:03:  * Tesselation Domain programs: no
19:56:03:  * Number of floating-point constants for tesselation domain programs: 0
19:56:03:  * Number of integer constants for tesselation domain programs: 24408
19:56:03:  * Number of boolean constants for tesselation domain programs: 5157
19:56:03:  * Compute programs: no
19:56:03:  * Number of floating-point constants for compute programs: 32697
19:56:03:  * Number of integer constants for compute programs: 0
19:56:03:  * Number of boolean constants for compute programs: 1
19:56:03:  * Supported Shader Profiles: arbfp1 arbvp1 glsl ps_1_1 ps_1_2 ps_1_3 ps_1_4
19:56:03:  * Texture Compression: yes
19:56:03:    - DXT: yes
19:56:03:    - VTC: no
19:56:03:    - PVRTC: no
19:56:03:    - ATC: no
19:56:03:    - ETC1: no
19:56:03:    - ETC2: no
19:56:03:    - BC4/BC5: no
19:56:03:    - BC6H/BC7: no
19:56:03:  * Scissor Rectangle: yes
19:56:03:  * Hardware Occlusion Query: yes
19:56:03:  * User clip planes: yes
19:56:03:  * VET_UBYTE4 vertex element type: yes
19:56:03:  * Infinite far plane projection: yes
19:56:03:  * Hardware render-to-texture: yes
19:56:03:  * Floating point textures: yes
19:56:03:  * Non-power-of-two textures: yes
19:56:03:  * 1d textures: yes
19:56:03:  * Volume textures: yes
19:56:03:  * Multiple Render Targets: 8
19:56:03:    - With different bit depths: yes
19:56:03:  * Point Sprites: yes
19:56:03:  * Extended point parameters: yes
19:56:03:  * Max Point Size: 2048
19:56:03:  * Vertex texture fetch: yes
19:56:03:  * Number of world matrices: 0
19:56:03:  * Number of texture units: 16
19:56:03:  * Stencil buffer depth: 8
19:56:03:  * Number of vertex blend matrices: 0
19:56:03:    - Max vertex textures: 32
19:56:03:    - Vertex textures shared: yes
19:56:03:  * Render to Vertex Buffer : no
19:56:03:  * Hardware Atomic Counters: no
19:56:03:  * GL 1.5 without VBO workaround: no
19:56:03:  * Frame Buffer objects: yes
19:56:03:  * Frame Buffer objects (ARB extension): no
19:56:03:  * Frame Buffer objects (ATI extension): no
19:56:03:  * PBuffer support: yes
19:56:03:  * GL 1.5 without HW-occlusion workaround: no
19:56:03:  * Vertex Array Objects: no
19:56:03:  * Separate shader objects: no
19:56:03: Using FSAA from GL_ARB_multisample extension.
19:56:03: DefaultWorkQueue('Root') initialising on thread 7fb93438df40.
19:56:03: DefaultWorkQueue('Root')::WorkerFunc - thread 7fb89f0fc700 starting.
19:56:03: DefaultWorkQueue('Root')::WorkerFunc - thread 7fb89e8fb700 starting.
19:56:03: DefaultWorkQueue('Root')::WorkerFunc - thread 7fb89e0fa700 starting.
19:56:03: DefaultWorkQueue('Root')::WorkerFunc - thread 7fb89d8f9700 starting.
19:56:03: Particle Renderer Type 'billboard' registered
19:56:03: SceneManagerFactory for type 'BspSceneManager' registered.
19:56:03: Registering ResourceManager for type BspLevel
19:56:03: SceneManagerFactory for type 'OctreeSceneManager' registered.
19:56:03: Parsing scripts for resource group Animations
19:56:03: Finished parsing scripts for resource group Animations
19:56:03: Creating resources for group Animations
19:56:03: All done
19:56:03: Parsing scripts for resource group Autodetect
19:56:03: Finished parsing scripts for resource group Autodetect
19:56:03: Creating resources for group Autodetect
19:56:03: All done
19:56:03: Parsing scripts for resource group Fonts
19:56:03: Parsing script Gazebo.fontdef
19:56:03: Finished parsing scripts for resource group Fonts
19:56:03: Creating resources for group Fonts
19:56:03: All done
19:56:03: Parsing scripts for resource group General
19:56:03: Parsing script perpixel.program
19:56:03: Parsing script StdQuad_vp.program
19:56:03: Parsing script VPL.program
19:56:03: Parsing script ShadowCaster.program
19:56:03: Parsing script deferred_post.program
19:56:03: Parsing script shadow_caster.program
1919:56:03: Parsing script SSAOPost.materia1919:56:03: Parsing script oculus.materia1919:56:03: Parsing script blur.materia1919:56:03: Parsing script Modulate.materia1919:56:03: Parsing script deferred_post.materia1919:56:03: Parsing script GBuffer.materia19:56:03: Parsing script gazebo.material
19:56:03: Parsing script ssao.material
19:56:03: Parsing script VPL.material
1919:56:03: Parsing script kitchen.materia1919:56:03: Parsing script grid.materia19:56:03: Parsing script deferred_post_minilight.material
1919:56:03: Parsing script ShadowCaster.materia19:56:03: Parsing script deform.material
19:56:03: Parsing script CreaseShading.material
1919:56:03: Parsing script picker.materia19:56:03: Parsing script lens_flare.compositor
1919:56:03: Parsing script WideCameraLensMap.composito19:56:03: Parsing script SSAOPost.compositor
1919:56:03: Parsing script CreaseShading.composito19:56:03: Parsing script blur.compositor
19:56:03: Parsing script noise.compositor
19:56:03: Parsing script deferred.compositor
1919:56:03: Parsing script ssao.composito1919:56:03: Parsing script distortion.composito19:56:03: Finished parsing scripts for resource group General
19:56:03: Creating resources for group General
19:56:03: All done
19:56:03: Parsing scripts for resource group Imagesets
1919:56:03: Finished parsing scripts for resource group Imageset1919:56:03: Creating resources for group Imageset1919:56:03: All don1919:56:03: Parsing scripts for resource group Interna1919:56:03: Finished parsing scripts for resource group Interna1919:56:03: Creating resources for group Interna1919:56:03: All don1919:56:03: Parsing scripts for resource group Layout1919:56:03: Finished parsing scripts for resource group Layout1919:56:03: Creating resources for group Layout1919:56:03: All don1919:56:03: Parsing scripts for resource group LookNFee1919:56:03: Finished parsing scripts for resource group LookNFee1919:56:03: Creating resources for group LookNFee1919:56:03: All don1919:56:03: Parsing scripts for resource group Scheme19:56:03: Finished parsing scripts for resource group Schemes
19:56:03: Creating resources for group Schemes
19:56:03: All done
19:56:03: Parsing scripts for resource group SkyX
19:56:03: Parsing script SkyX.material
1919:56:03: Finished parsing scripts for resource group SkyX
19:56:03: Creating resources for group SkyX
19:56:03: All don1919:56:03: Added resource location '/usr/share/gazebo-11/media/rtshaderlib/' of type 'FileSystem' to resource group 'General1919:56:03: Creating resource group ShaderGeneratorResourceGrou19:56:03: Added resource location '/tmp/gazebo-luke-rtshaderlibcache/' of type 'FileSystem' to resource group 'ShaderGeneratorResourceGroup'
19:56:05: Texture: SkyX_Starfield.png: Loading 1 faces(PF_A8R8G8B8,512x512x1) with 5 hardware generated mipmaps from Image. Internal format is PF_A8R8G8B8,512x512x1.
19:56:05: Texture: SkyX_Moon.png: Loading 1 faces(PF_A8R8G8B8,512x512x1) with 5 hardware generated mipmaps from Image. Internal format is PF_A8R8G8B8,512x512x1.
19:56:05: Texture: SkyX_MoonHalo.png: Loading 1 faces(PF_SHORT_RGBA,512x256x1) with 5 hardware generated mipmaps from Image. Internal format is PF_SHORT_RGBA,512x256x1.
19:56:05: Texture: Noise.jpg: Loading 1 faces(PF_R8G8B8,1024x1024x1) with 5 hardware generated mipmaps from Image. Internal format is PF_X8R8G8B8,1024x1024x1.
19:56:07: GLRenderSystem::_createRenderWindow "OgreWindow(1)", 990x367 windowed  miscParams: FSAA=4 contentScalingFactor=1.000000 macAPI=cocoa macAPICocoaUseNSView=true parentWindowHandle=94371893 stereo19:56:13: Added resource location '/home/luke/.gazebo/models/willowgarage/meshes' of type 'FileSystem' to resource group 'General' with recursive option
19:56:13: Initialising resource group General
19:56:13: Added resource location '/home/luke/.gazebo/models/willowgarage/m19:56:13: Added resource location '/home/luke/.gazebo/models/willowgarage/meshes' of type 'FileSystem' to resource group 'General' with recursive 19:56:13: Texture: /home/luke/.gazebo/models/willowgarage/meshes/../materials/textures/__auto_2.png: Loading 1 faces(PF_L8,512x512x1) with 5 hardware generated mipmaps from Image. Internal format is PF_L8,512x512x1.
19:56:13: Texture: /home/luke/.gazebo/models/willowgarage/meshes/../materials/textures/Stone_Brushed_Khaki_.png: Loading 1 faces(PF_R8G8B8,256x256x1) with 5 hardware generated mipmaps from Image. Internal format is PF_X8R8G8B8,256x256x1.
19:56:13: Texture: /home/luke/.gazeb19:56:13: Texture: /home/luke/.gazebo/models/willowgarage/meshes/../materials/textures/Stone_Brushed_Khaki_.png: Loading 1 faces(PF_R8G8B8,256x256x1) with 5 hardware generated mipma19:56:13: Texture: /home/luke/.gazebo/models/willowgarage/meshes/../materials/textures/__Wood_Bamboo_Medium_1.png: Loading 1 faces(PF_R8G8B8,256x256x1) with 5 hardware generated mipmaps from Image. Internal format is PF_X8R8G8B8,256x256x1.
19:56:13: Texture: /home/luke/.gazebo/models/willowgarage/meshes/../materials/textures/Wood_Bamboo_Medium_.png: Loading 1 faces(PF_R8G8B8,256x256x1) with 5 hardware generated mipmaps from Image. Internal format is PF_X8R8G8B8,256x256x1.
19:56:13: Texture: /home/luke/.gazebo/models/willowgarage/meshes/../materials/textures/Wood_Cherry_Original_.png: Loading 1 faces(PF_R8G8B8,256x256x1) with 5 hardware generated mipmaps from Image. Internal format is PF_X8R8G8B8,256x256x1.
19:56:13: Texture: /home/luke/.gazebo/models/willowgarage/meshes/../materials/textures/Carpet_Berber_Pattern_Gray_.png: Loading 1 faces(PF_L8,256x256x1) with 5 hardware generated mipmaps from Image. Internal format is PF_L8,256x256x1.
20:03:12: Texture: spot_shadow_fade.png: Loading 1 faces(PF_R8G8B8,128x128x1) with 5 hardware generated mipmaps from Image. Internal format is PF_X8R8G8B8,128x128x1.
20:09:23: Unregistering ResourceManager for type Font
20:09:23: DefaultWorkQueue('Root') shutting down on thread 7f0fcd805f80.
20:09:23: DefaultWorkQueue('Root')::WorkerFunc - thread 7f0f478b7700 stopped.
20:09:23: DefaultWorkQueue('Root')::WorkerFunc - thread 7f0f470b6700 stopped.
20:09:23: DefaultWorkQueue('Root')::WorkerFunc - thread 7f0f468b5700 stopped.
20:09:23: DefaultWorkQueue('Root')::WorkerFunc - thread 7f0f460b4700 stopped.
20:09:23: Unregistering ResourceManager for type BspLevel
20:09:23: *-*-* OGRE Shutdown
20:09:23: Unregistering ResourceManager for type Compositor
20:09:23: Unregistering ResourceManager for type Skeleton
20:09:23: Unregistering ResourceManager for type Mesh
20:09:23: Unregistering ResourceManager for type HighLevelGpuProgram
20:09:23: Uninstalling plugin: Octree Scene Manager
20:09:23: Plugin successfully uninstalled
20:09:23: Unloading library /usr/lib/x86_64-linux-gnu/OGRE-1.9.0/Plugin_OctreeSceneManager.so
20:09:23: Uninstalling plugin: BSP Scene Manager
20:09:23: Plugin successfully uninstalled
20:09:23: Unloading library /usr/lib/x86_64-linux-gnu/OGRE-1.9.0/Plugin_BSPSceneManager.so
20:09:23: Uninstalling plugin: ParticleFX
20:09:23: Plugin successfully uninstalled
20:09:23: Unloading library /usr/lib/x86_64-linux-gnu/OGRE-1.9.0/Plugin_ParticleFX.so
20:09:23: Uninstalling plugin: GL RenderSystem
20:09:23: Unregistering ResourceManager for type GpuProgram
20:09:23: ******************************
*** Stopping GLX Subsystem ***
******************************
20:09:23: Unregistering ResourceManager for type Texture
20:09:23: Plugin successfully uninstalled
20:09:23: Unloading library /usr/lib/x86_64-linux-gnu/OGRE-1.9.0/RenderSystem_GL.so
20:09:23: Unregistering ResourceManager for type Material
o
20:08:12: Uninstalling plugin: GL RenderSystem
20:08:12: Unregistering ResourceManager for type GpuProgram
20:08:12: ******************************
*** Stopping GLX Subsystem ***
******************************
20:08:12: Unregistering ResourceManager for type Texture
20:08:12: Plugin successfully uninstalled
20:08:12: Unloading library /usr/lib/x86_64-linux-gnu/OGRE-1.9.0/RenderSystem_GL.so
20:08:12: Unregistering ResourceManager for type Material
